c:\users\alden\documents\github\my_jx11\builds\visualstudio2019\x64\debug\shared code\include_juce_audio_plugin_client_ara.obj
c:\users\alden\documents\github\my_jx11\builds\visualstudio2019\x64\debug\shared code\pluginprocessor.obj
c:\users\alden\documents\github\my_jx11\builds\visualstudio2019\x64\debug\shared code\include_juce_audio_devices.obj
c:\users\alden\documents\github\my_jx11\builds\visualstudio2019\x64\debug\shared code\include_juce_graphics.obj
c:\users\alden\documents\github\my_jx11\builds\visualstudio2019\x64\debug\shared code\include_juce_audio_basics.obj
c:\users\alden\documents\github\my_jx11\builds\visualstudio2019\x64\debug\shared code\include_juce_gui_extra.obj
c:\users\alden\documents\github\my_jx11\builds\visualstudio2019\x64\debug\shared code\include_juce_audio_processors_ara.obj
c:\users\alden\documents\github\my_jx11\builds\visualstudio2019\x64\debug\shared code\include_juce_events.obj
c:\users\alden\documents\github\my_jx11\builds\visualstudio2019\x64\debug\shared code\include_juce_audio_utils.obj
c:\users\alden\documents\github\my_jx11\builds\visualstudio2019\x64\debug\shared code\include_juce_data_structures.obj
c:\users\alden\documents\github\my_jx11\builds\visualstudio2019\x64\debug\shared code\plugineditor.obj
c:\users\alden\documents\github\my_jx11\builds\visualstudio2019\x64\debug\shared code\include_juce_audio_processors_lv2_libs.obj
c:\users\alden\documents\github\my_jx11\builds\visualstudio2019\x64\debug\shared code\include_juce_audio_formats.obj
c:\users\alden\documents\github\my_jx11\builds\visualstudio2019\x64\debug\shared code\my_jx11.pdb
c:\users\alden\documents\github\my_jx11\builds\visualstudio2019\x64\debug\shared code\include_juce_gui_basics.obj
c:\users\alden\documents\github\my_jx11\builds\visualstudio2019\x64\debug\shared code\include_juce_audio_processors.obj
c:\users\alden\documents\github\my_jx11\builds\visualstudio2019\x64\debug\shared code\include_juce_core.obj
c:\users\alden\documents\github\my_jx11\builds\visualstudio2019\x64\debug\shared code\my_jx11.lib
c:\users\alden\documents\github\my_jx11\builds\visualstudio2019\x64\debug\shared code\my_jx11_.504729e9.tlog\cl.16728.write.1.tlog
c:\users\alden\documents\github\my_jx11\builds\visualstudio2019\x64\debug\shared code\my_jx11_.504729e9.tlog\cl.command.1.tlog
c:\users\alden\documents\github\my_jx11\builds\visualstudio2019\x64\debug\shared code\my_jx11_.504729e9.tlog\cl.read.1.tlog
c:\users\alden\documents\github\my_jx11\builds\visualstudio2019\x64\debug\shared code\my_jx11_.504729e9.tlog\lib-link.read.1.tlog
c:\users\alden\documents\github\my_jx11\builds\visualstudio2019\x64\debug\shared code\my_jx11_.504729e9.tlog\lib-link.write.1.tlog
c:\users\alden\documents\github\my_jx11\builds\visualstudio2019\x64\debug\shared code\my_jx11_.504729e9.tlog\lib.command.1.tlog
